<?xml version="1.0" encoding="UTF-8"?>
<testsuite xmlns:xsi="http://www.w3.org/2001/XMLSchema-instance" xsi:noNamespaceSchemaLocation="https://maven.apache.org/surefire/maven-surefire-plugin/xsd/surefire-test-report-3.0.xsd" version="3.0" name="StackTest" time="0.093" tests="9" errors="0" skipped="0" failures="0">
  <properties>
    <property name="gopherProxySet" value="false"/>
    <property name="awt.toolkit" value="sun.lwawt.macosx.LWCToolkit"/>
    <property name="java.specification.version" value="11"/>
    <property name="sun.cpu.isalist" value=""/>
    <property name="sun.jnu.encoding" value="UTF-8"/>
    <property name="java.class.path" value="/Users/gabe/IdeaProjects/464-Project-2/CSE 464 First Proj-2/target/test-classes:/Users/gabe/IdeaProjects/464-Project-2/CSE 464 First Proj-2/target/classes:/Users/gabe/.m2/repository/org/jgrapht/jgrapht-core/1.5.2/jgrapht-core-1.5.2.jar:/Users/gabe/.m2/repository/org/jheaps/jheaps/0.14/jheaps-0.14.jar:/Users/gabe/.m2/repository/org/apfloat/apfloat/1.10.1/apfloat-1.10.1.jar:/Users/gabe/.m2/repository/junit/junit/4.13.2/junit-4.13.2.jar:/Users/gabe/.m2/repository/org/hamcrest/hamcrest-core/1.3/hamcrest-core-1.3.jar:/Users/gabe/.m2/repository/org/jgrapht/jgrapht-ext/1.5.2/jgrapht-ext-1.5.2.jar:/Users/gabe/.m2/repository/com/github/vlsi/mxgraph/jgraphx/4.2.2/jgraphx-4.2.2.jar:/Users/gabe/.m2/repository/org/jgrapht/jgrapht-io/1.5.2/jgrapht-io-1.5.2.jar:/Users/gabe/.m2/repository/org/antlr/antlr4-runtime/4.12.0/antlr4-runtime-4.12.0.jar:/Users/gabe/.m2/repository/org/apache/commons/commons-text/1.10.0/commons-text-1.10.0.jar:/Users/gabe/.m2/repository/org/apache/commons/commons-lang3/3.12.0/commons-lang3-3.12.0.jar:"/>
    <property name="java.vm.vendor" value="Oracle Corporation"/>
    <property name="sun.arch.data.model" value="64"/>
    <property name="java.vendor.url" value="https://openjdk.java.net/"/>
    <property name="user.timezone" value=""/>
    <property name="java.vm.specification.version" value="11"/>
    <property name="os.name" value="Mac OS X"/>
    <property name="sun.java.launcher" value="SUN_STANDARD"/>
    <property name="user.country" value="US"/>
    <property name="sun.boot.library.path" value="/Library/Java/JavaVirtualMachines/jdk-11.jdk/Contents/Home/lib"/>
    <property name="sun.java.command" value="/Users/gabe/IdeaProjects/464-Project-2/CSE 464 First Proj-2/target/surefire/surefirebooter-20231103180501523_3.jar /Users/gabe/IdeaProjects/464-Project-2/CSE 464 First Proj-2/target/surefire 2023-11-03T18-05-01_478-jvmRun1 surefire-20231103180501523_1tmp surefire_0-20231103180501523_2tmp"/>
    <property name="http.nonProxyHosts" value="local|*.local|169.254/16|*.169.254/16"/>
    <property name="jdk.debug" value="release"/>
    <property name="surefire.test.class.path" value="/Users/gabe/IdeaProjects/464-Project-2/CSE 464 First Proj-2/target/test-classes:/Users/gabe/IdeaProjects/464-Project-2/CSE 464 First Proj-2/target/classes:/Users/gabe/.m2/repository/org/jgrapht/jgrapht-core/1.5.2/jgrapht-core-1.5.2.jar:/Users/gabe/.m2/repository/org/jheaps/jheaps/0.14/jheaps-0.14.jar:/Users/gabe/.m2/repository/org/apfloat/apfloat/1.10.1/apfloat-1.10.1.jar:/Users/gabe/.m2/repository/junit/junit/4.13.2/junit-4.13.2.jar:/Users/gabe/.m2/repository/org/hamcrest/hamcrest-core/1.3/hamcrest-core-1.3.jar:/Users/gabe/.m2/repository/org/jgrapht/jgrapht-ext/1.5.2/jgrapht-ext-1.5.2.jar:/Users/gabe/.m2/repository/com/github/vlsi/mxgraph/jgraphx/4.2.2/jgraphx-4.2.2.jar:/Users/gabe/.m2/repository/org/jgrapht/jgrapht-io/1.5.2/jgrapht-io-1.5.2.jar:/Users/gabe/.m2/repository/org/antlr/antlr4-runtime/4.12.0/antlr4-runtime-4.12.0.jar:/Users/gabe/.m2/repository/org/apache/commons/commons-text/1.10.0/commons-text-1.10.0.jar:/Users/gabe/.m2/repository/org/apache/commons/commons-lang3/3.12.0/commons-lang3-3.12.0.jar:"/>
    <property name="sun.cpu.endian" value="little"/>
    <property name="user.home" value="/Users/gabe"/>
    <property name="user.language" value="en"/>
    <property name="java.specification.vendor" value="Oracle Corporation"/>
    <property name="java.version.date" value="2023-04-18"/>
    <property name="java.home" value="/Library/Java/JavaVirtualMachines/jdk-11.jdk/Contents/Home"/>
    <property name="file.separator" value="/"/>
    <property name="basedir" value="/Users/gabe/IdeaProjects/464-Project-2/CSE 464 First Proj-2"/>
    <property name="java.vm.compressedOopsMode" value="Zero based"/>
    <property name="line.separator" value="&#10;"/>
    <property name="java.specification.name" value="Java Platform API Specification"/>
    <property name="java.vm.specification.vendor" value="Oracle Corporation"/>
    <property name="java.awt.graphicsenv" value="sun.awt.CGraphicsEnvironment"/>
    <property name="surefire.real.class.path" value="/Users/gabe/IdeaProjects/464-Project-2/CSE 464 First Proj-2/target/surefire/surefirebooter-20231103180501523_3.jar"/>
    <property name="sun.management.compiler" value="HotSpot 64-Bit Tiered Compilers"/>
    <property name="ftp.nonProxyHosts" value="local|*.local|169.254/16|*.169.254/16"/>
    <property name="java.runtime.version" value="11.0.19+9-LTS-224"/>
    <property name="user.name" value="gabe"/>
    <property name="path.separator" value=":"/>
    <property name="os.version" value="13.0"/>
    <property name="java.runtime.name" value="Java(TM) SE Runtime Environment"/>
    <property name="file.encoding" value="UTF-8"/>
    <property name="java.vm.name" value="Java HotSpot(TM) 64-Bit Server VM"/>
    <property name="java.vendor.version" value="18.9"/>
    <property name="localRepository" value="/Users/gabe/.m2/repository"/>
    <property name="java.vendor.url.bug" value="https://bugreport.java.com/bugreport/"/>
    <property name="java.io.tmpdir" value="/var/folders/qv/nddk376n7zvckcmc2r8qd3b00000gn/T/"/>
    <property name="idea.version" value="2023.2.2"/>
    <property name="java.version" value="11.0.19"/>
    <property name="user.dir" value="/Users/gabe/IdeaProjects/464-Project-2/CSE 464 First Proj-2"/>
    <property name="os.arch" value="aarch64"/>
    <property name="java.vm.specification.name" value="Java Virtual Machine Specification"/>
    <property name="java.awt.printerjob" value="sun.lwawt.macosx.CPrinterJob"/>
    <property name="sun.os.patch.level" value="unknown"/>
    <property name="java.library.path" value="/Users/gabe/Library/Java/Extensions:/Library/Java/Extensions:/Network/Library/Java/Extensions:/System/Library/Java/Extensions:/usr/lib/java:."/>
    <property name="java.vendor" value="Oracle Corporation"/>
    <property name="java.vm.info" value="mixed mode"/>
    <property name="java.vm.version" value="11.0.19+9-LTS-224"/>
    <property name="sun.io.unicode.encoding" value="UnicodeBig"/>
    <property name="java.class.version" value="55.0"/>
    <property name="socksNonProxyHosts" value="local|*.local|169.254/16|*.169.254/16"/>
  </properties>
  <testcase name="testParseGraph" classname="StackTest" time="0.041">
    <system-out><![CDATA[setup
this is testParseGraph
Graph:
Num of Nodes: 4
Labels of Nodes:
a
b
c
d
Num of Edges: 4
Nodes and Edge Directions:
a -> b
b -> c
c -> d
d -> a

TEARDOWN
]]></system-out>
  </testcase>
  <testcase name="testAddEdge" classname="StackTest" time="0.007">
    <system-out><![CDATA[setup
this is testAddEdge
Duplicate edge from: a->b
TEARDOWN
]]></system-out>
  </testcase>
  <testcase name="testAddNode" classname="StackTest" time="0.003">
    <system-out><![CDATA[setup
this is testAddNode 
Node a is a duplicate. Cannot add node
TEARDOWN
]]></system-out>
  </testcase>
  <testcase name="testRemoveNodes" classname="StackTest" time="0">
    <system-out><![CDATA[setup
this is testRemoveNodes
Node y does not exist. Cannot remove node.
Node z does not exist. Cannot remove node.
TEARDOWN
]]></system-out>
  </testcase>
  <testcase name="testAddEdges" classname="StackTest" time="0">
    <system-out><![CDATA[setup
this is testAddEdges
Duplicate edge from: a->b
Duplicate edge from: b->c
Duplicate edge from: c->d
Duplicate edge from: d->a
TEARDOWN
]]></system-out>
  </testcase>
  <testcase name="testAddNodes" classname="StackTest" time="0.001">
    <system-out><![CDATA[setup
this is testAddNodes
TEARDOWN
]]></system-out>
  </testcase>
  <testcase name="testRemoveEdge" classname="StackTest" time="0.005">
    <system-out><![CDATA[setup
this is testRemoveEdge
Edge from: a to b does not exist.
TEARDOWN
]]></system-out>
  </testcase>
  <testcase name="testRemoveNode" classname="StackTest" time="0">
    <system-out><![CDATA[setup
this is testRemoveNode
Node x does not exist. Cannot remove node.
TEARDOWN
]]></system-out>
  </testcase>
  <testcase name="testExportToDOT" classname="StackTest" time="0.008">
    <system-out><![CDATA[setup
this is testExportToDOT
Graph has been successfully exported to: /Users/gabe/IdeaProjects/CSE 464 First Proj/modifiedOutput.dot
TEARDOWN
]]></system-out>
  </testcase>
</testsuite>