<?xml version="1.0" encoding="UTF-8"?>
<testsuite xmlns:xsi="http://www.w3.org/2001/XMLSchema-instance" xsi:noNamespaceSchemaLocation="https://maven.apache.org/surefire/maven-surefire-plugin/xsd/surefire-test-report-3.0.xsd" version="3.0" name="StackTest" time="0.213" tests="9" errors="0" skipped="0" failures="0">
  <properties>
    <property name="java.specification.version" value="21"/>
    <property name="sun.jnu.encoding" value="UTF-8"/>
    <property name="java.class.path" value="/Users/gabe/Downloads/CSE 464 First Proj-2/target/test-classes:/Users/gabe/Downloads/CSE 464 First Proj-2/target/classes:/Users/gabe/.m2/repository/org/jgrapht/jgrapht-core/1.5.2/jgrapht-core-1.5.2.jar:/Users/gabe/.m2/repository/org/jheaps/jheaps/0.14/jheaps-0.14.jar:/Users/gabe/.m2/repository/org/apfloat/apfloat/1.10.1/apfloat-1.10.1.jar:/Users/gabe/.m2/repository/junit/junit/4.13.2/junit-4.13.2.jar:/Users/gabe/.m2/repository/org/hamcrest/hamcrest-core/1.3/hamcrest-core-1.3.jar:/Users/gabe/.m2/repository/org/jgrapht/jgrapht-ext/1.5.2/jgrapht-ext-1.5.2.jar:/Users/gabe/.m2/repository/com/github/vlsi/mxgraph/jgraphx/4.2.2/jgraphx-4.2.2.jar:/Users/gabe/.m2/repository/org/jgrapht/jgrapht-io/1.5.2/jgrapht-io-1.5.2.jar:/Users/gabe/.m2/repository/org/antlr/antlr4-runtime/4.12.0/antlr4-runtime-4.12.0.jar:/Users/gabe/.m2/repository/org/apache/commons/commons-text/1.10.0/commons-text-1.10.0.jar:/Users/gabe/.m2/repository/org/apache/commons/commons-lang3/3.12.0/commons-lang3-3.12.0.jar:"/>
    <property name="java.vm.vendor" value="Oracle Corporation"/>
    <property name="sun.arch.data.model" value="64"/>
    <property name="java.vendor.url" value="https://java.oracle.com/"/>
    <property name="os.name" value="Mac OS X"/>
    <property name="java.vm.specification.version" value="21"/>
    <property name="sun.java.launcher" value="SUN_STANDARD"/>
    <property name="user.country" value="US"/>
    <property name="sun.boot.library.path" value="/Users/gabe/Library/Java/JavaVirtualMachines/openjdk-21/Contents/Home/lib"/>
    <property name="sun.java.command" value="/Users/gabe/Downloads/CSE 464 First Proj-2/target/surefire/surefirebooter-20231103175055000_3.jar /Users/gabe/Downloads/CSE 464 First Proj-2/target/surefire 2023-11-03T17-50-54_894-jvmRun1 surefire-20231103175055000_1tmp surefire_0-20231103175055000_2tmp"/>
    <property name="http.nonProxyHosts" value="local|*.local|169.254/16|*.169.254/16"/>
    <property name="jdk.debug" value="release"/>
    <property name="surefire.test.class.path" value="/Users/gabe/Downloads/CSE 464 First Proj-2/target/test-classes:/Users/gabe/Downloads/CSE 464 First Proj-2/target/classes:/Users/gabe/.m2/repository/org/jgrapht/jgrapht-core/1.5.2/jgrapht-core-1.5.2.jar:/Users/gabe/.m2/repository/org/jheaps/jheaps/0.14/jheaps-0.14.jar:/Users/gabe/.m2/repository/org/apfloat/apfloat/1.10.1/apfloat-1.10.1.jar:/Users/gabe/.m2/repository/junit/junit/4.13.2/junit-4.13.2.jar:/Users/gabe/.m2/repository/org/hamcrest/hamcrest-core/1.3/hamcrest-core-1.3.jar:/Users/gabe/.m2/repository/org/jgrapht/jgrapht-ext/1.5.2/jgrapht-ext-1.5.2.jar:/Users/gabe/.m2/repository/com/github/vlsi/mxgraph/jgraphx/4.2.2/jgraphx-4.2.2.jar:/Users/gabe/.m2/repository/org/jgrapht/jgrapht-io/1.5.2/jgrapht-io-1.5.2.jar:/Users/gabe/.m2/repository/org/antlr/antlr4-runtime/4.12.0/antlr4-runtime-4.12.0.jar:/Users/gabe/.m2/repository/org/apache/commons/commons-text/1.10.0/commons-text-1.10.0.jar:/Users/gabe/.m2/repository/org/apache/commons/commons-lang3/3.12.0/commons-lang3-3.12.0.jar:"/>
    <property name="sun.cpu.endian" value="little"/>
    <property name="user.home" value="/Users/gabe"/>
    <property name="user.language" value="en"/>
    <property name="java.specification.vendor" value="Oracle Corporation"/>
    <property name="java.version.date" value="2023-09-19"/>
    <property name="java.home" value="/Users/gabe/Library/Java/JavaVirtualMachines/openjdk-21/Contents/Home"/>
    <property name="file.separator" value="/"/>
    <property name="basedir" value="/Users/gabe/Downloads/CSE 464 First Proj-2"/>
    <property name="java.vm.compressedOopsMode" value="Zero based"/>
    <property name="line.separator" value="&#10;"/>
    <property name="java.vm.specification.vendor" value="Oracle Corporation"/>
    <property name="java.specification.name" value="Java Platform API Specification"/>
    <property name="apple.awt.application.name" value="ForkedBooter"/>
    <property name="surefire.real.class.path" value="/Users/gabe/Downloads/CSE 464 First Proj-2/target/surefire/surefirebooter-20231103175055000_3.jar"/>
    <property name="sun.management.compiler" value="HotSpot 64-Bit Tiered Compilers"/>
    <property name="ftp.nonProxyHosts" value="local|*.local|169.254/16|*.169.254/16"/>
    <property name="java.runtime.version" value="21+35-2513"/>
    <property name="user.name" value="gabe"/>
    <property name="stdout.encoding" value="UTF-8"/>
    <property name="path.separator" value=":"/>
    <property name="os.version" value="13.0"/>
    <property name="java.runtime.name" value="OpenJDK Runtime Environment"/>
    <property name="file.encoding" value="UTF-8"/>
    <property name="java.vm.name" value="OpenJDK 64-Bit Server VM"/>
    <property name="localRepository" value="/Users/gabe/.m2/repository"/>
    <property name="java.vendor.url.bug" value="https://bugreport.java.com/bugreport/"/>
    <property name="java.io.tmpdir" value="/var/folders/qv/nddk376n7zvckcmc2r8qd3b00000gn/T/"/>
    <property name="java.version" value="21"/>
    <property name="user.dir" value="/Users/gabe/Downloads/CSE 464 First Proj-2"/>
    <property name="os.arch" value="x86_64"/>
    <property name="java.vm.specification.name" value="Java Virtual Machine Specification"/>
    <property name="native.encoding" value="UTF-8"/>
    <property name="java.library.path" value="/Users/gabe/Library/Java/Extensions:/Library/Java/Extensions:/Network/Library/Java/Extensions:/System/Library/Java/Extensions:/usr/lib/java:."/>
    <property name="java.vm.info" value="mixed mode, sharing"/>
    <property name="stderr.encoding" value="UTF-8"/>
    <property name="java.vendor" value="Oracle Corporation"/>
    <property name="java.vm.version" value="21+35-2513"/>
    <property name="sun.io.unicode.encoding" value="UnicodeBig"/>
    <property name="socksNonProxyHosts" value="local|*.local|169.254/16|*.169.254/16"/>
    <property name="java.class.version" value="65.0"/>
  </properties>
  <testcase name="testParseGraph" classname="StackTest" time="0.096">
    <system-out><![CDATA[setup
this is testParseGraph
Graph:
Num of Nodes: 4
Labels of Nodes:
a
b
c
d
Num of Edges: 4
Nodes and Edge Directions:
a -> b
b -> c
c -> d
d -> a

TEARDOWN
]]></system-out>
  </testcase>
  <testcase name="testAddEdge" classname="StackTest" time="0.015">
    <system-out><![CDATA[setup
this is testAddEdge
Duplicate edge from: a->b
TEARDOWN
]]></system-out>
  </testcase>
  <testcase name="testAddNode" classname="StackTest" time="0.008">
    <system-out><![CDATA[setup
this is testAddNode 
Node a is a duplicate. Cannot add node
TEARDOWN
]]></system-out>
  </testcase>
  <testcase name="testRemoveNodes" classname="StackTest" time="0.001">
    <system-out><![CDATA[setup
this is testRemoveNodes
Node y does not exist. Cannot remove node.
Node z does not exist. Cannot remove node.
TEARDOWN
]]></system-out>
  </testcase>
  <testcase name="testAddEdges" classname="StackTest" time="0.001">
    <system-out><![CDATA[setup
this is testAddEdges
Duplicate edge from: a->b
Duplicate edge from: b->c
Duplicate edge from: c->d
Duplicate edge from: d->a
TEARDOWN
]]></system-out>
  </testcase>
  <testcase name="testAddNodes" classname="StackTest" time="0.003">
    <system-out><![CDATA[setup
this is testAddNodes
TEARDOWN
]]></system-out>
  </testcase>
  <testcase name="testRemoveEdge" classname="StackTest" time="0.002">
    <system-out><![CDATA[setup
this is testRemoveEdge
Edge from: a to b does not exist.
TEARDOWN
]]></system-out>
  </testcase>
  <testcase name="testRemoveNode" classname="StackTest" time="0.0">
    <system-out><![CDATA[setup
this is testRemoveNode
Node x does not exist. Cannot remove node.
TEARDOWN
]]></system-out>
  </testcase>
  <testcase name="testExportToDOT" classname="StackTest" time="0.015">
    <system-out><![CDATA[setup
this is testExportToDOT
Graph has been successfully exported to: /Users/gabe/IdeaProjects/CSE 464 First Proj/modifiedOutput.dot
TEARDOWN
]]></system-out>
  </testcase>
</testsuite>